* Fri 12/28/18/14:08:19: [first commit]: sketch built
* Sat 12/29/18/09:18:21: [feature]: ocr to recognize douban captcha
* Sat 12/29/18/10:26:15: [new work]: daily login(use cookies) readfree.me
* Sat 12/29/18/14:27:17: [minor-revise]: try store cookie after each login of douban
* Sat 12/29/18/18:08:25: [bug-fixed]: use cookie to keep douban account stayed logged in
* Sun 12/30/18/01:27:49: [feature]: check status of readfree account
* Sun 12/30/18/08:45:59: [feature]: add delete_history function to readfree.py
* Mon 12/31/18/13:28:52: [new feature] readfree parse book info
* Mon 12/31/18/14:41:28: [new feature]: add post_status function to douban.py
* Mon 12/31/18/22:34:30: [new file]: add 2019-progress script to updating year progress to douban.com
* Tue 01/01/19/15:46:37: [update] README.md with a simple intro on readfree/__pycache__ readfree/conf.d readfree/daily_sign.py readfree/images readfree/ocr.py readfree/readfree.py readfree/testing.py
* Wed 01/02/19/07:11:12: [new file]: add daemon bash for daily_sign readfree
* Wed 01/02/19/07:18:41: [minor-revise]: add time printing to daily_sign for debugging
* Thu 01/03/19/10:45:56: [new feature] posting images to douban.com is possible with selenium (dbwebdriver.py)
* Thu 01/03/19/20:29:28: [revise]: rewrite douban.py / structure is more clear now
* Fri 01/04/19/15:57:02: [new subrepo] get more uppload data for byr account
* Fri 01/04/19/19:03:54: [new file] README.md for byr sub-repo
* Fri 01/04/19/19:05:11: [test] rounded corners for image in readme.md
* Fri 01/04/19/19:36:37: [update] byr/readme.md / revise language
* Sat 01/05/19/09:51:15: [minor revise] byr.py set SESSION, ACCOUNT global
* Sat 01/05/19/20:43:10: [new repo] hupu auto login and post reply codes added
* Sun 01/06/19/10:01:52: [backup]
* Sun 01/06/19/10:17:58: [normal-revise] use baidu api ocr to recgnoze BYR captcha
* Sun 01/06/19/10:28:16: [update] readme.md for byr: add baidu ocr code
* Mon 01/07/19/06:57:37: [minor update] add image-downloader to douban; revised hupu.py
* Tue 01/08/19/16:13:22: [bug fixed] FREESPACE is not global for byr
* Mon 01/14/19/08:58:29: [new feature] undone yet: rlights bbs
* Mon 01/14/19/14:20:29: [new feature] a bot for lights replies added
* Mon 01/14/19/17:06:53: [done feature]: lights up relies to win more repus from hupu
* Tue 01/15/19/13:34:02: [END] no more update to hupu: fuck hupu admis
* Sat 01/19/19/08:50:41: improved byr.py
* Mon 01/21/19/12:22:28: [new sub-repo] send Gmail with Python3
* Tue 01/29/19/16:41:31: [update] readfree to version 2: remove irrelevant functions / rewrite login() method
* Sun 02/17/19/07:08:59: [new sub-repo] for posting dramas to weibo
